<?xml version="1.0" encoding="UTF-8"?>
<testsuite name="com.llandolfi.kata.service.CheckoutServiceTest" tests="1" skipped="0" failures="0" errors="0" timestamp="2021-04-05T00:01:33" hostname="Lean-Rappi.local" time="3.184">
  <properties/>
  <testcase name="test" classname="com.llandolfi.kata.service.CheckoutServiceTest" time="3.184"/>
  <system-out><![CDATA[]]></system-out>
  <system-err><![CDATA[]]></system-err>
</testsuite>
